
Copyright (C) 1994-2018 Synopsys, Inc.
This Synopsys software and all associated documentation are proprietary to Synopsys, Inc.
and may only be used pursuant to the terms and conditions of a written license agreement
with Synopsys, Inc. All other use, reproduction, modification, or distribution of the
Synopsys software or the associated documentation is strictly prohibited.
Tool: Synplify Pro (R)
Build: N-2018.03L-SP1-1
Install: /opt/lscc/diamond/3.11_x64/synpbase
OS: Debian GNU/Linux 8 (jessie)
Hostname: debian-dell

Implementation : raw_colorbar
Synopsys HDL compiler and linker, Version comp2018q2p1, Build 461R, Built Apr  1 2019 09:26:38

Modified Files: 3
FID:  path (prevtimestamp, timestamp)
9        /home/andy/Downloads/tmp/raw_colorbar/raw_colorbar/reveal_workspace/tmpreveal/top_la0_gen.v (2020-04-23 09:45:12, 2020-04-23 09:47:05)
10       /home/andy/Downloads/tmp/raw_colorbar/raw_colorbar/reveal_workspace/tmpreveal/top_la0_trig_gen.v (2020-04-23 09:45:12, 2020-04-23 09:47:05)
11       /home/andy/Downloads/tmp/raw_colorbar/raw_colorbar/reveal_workspace/tmpreveal/top_rvl.v (2020-04-23 09:45:12, 2020-04-23 09:47:05)

*******************************************************************
Modules that may have changed as a result of file changes: 47
MID:  lib.cell.view
11       work.jtagconn16.verilog may have changed because the following files changed:
                        /home/andy/Downloads/tmp/raw_colorbar/raw_colorbar/reveal_workspace/tmpreveal/top_la0_gen.v (2020-04-23 09:45:12, 2020-04-23 09:47:05) <-- (may instantiate this module)
                        /home/andy/Downloads/tmp/raw_colorbar/raw_colorbar/reveal_workspace/tmpreveal/top_la0_trig_gen.v (2020-04-23 09:45:12, 2020-04-23 09:47:05) <-- (may instantiate this module)
                        /home/andy/Downloads/tmp/raw_colorbar/raw_colorbar/reveal_workspace/tmpreveal/top_rvl.v (2020-04-23 09:45:12, 2020-04-23 09:47:05) <-- (may instantiate this module)
1        work.pll_sensor_clk.verilog may have changed because the following files changed:
                        /home/andy/Downloads/tmp/raw_colorbar/raw_colorbar/reveal_workspace/tmpreveal/top_rvl.v (2020-04-23 09:45:12, 2020-04-23 09:47:05) <-- (module definition)
14       work.pll_sensor_clk_uniq_1.verilog may have changed because the following files changed:
                        /home/andy/Downloads/tmp/raw_colorbar/raw_colorbar/reveal_workspace/tmpreveal/top_rvl.v (2020-04-23 09:45:12, 2020-04-23 09:47:05) <-- (module definition)
15       work.pmi_add.verilog may have changed because the following files changed:
                        /home/andy/Downloads/tmp/raw_colorbar/raw_colorbar/reveal_workspace/tmpreveal/top_la0_gen.v (2020-04-23 09:45:12, 2020-04-23 09:47:05) <-- (may instantiate this module)
                        /home/andy/Downloads/tmp/raw_colorbar/raw_colorbar/reveal_workspace/tmpreveal/top_la0_trig_gen.v (2020-04-23 09:45:12, 2020-04-23 09:47:05) <-- (may instantiate this module)
                        /home/andy/Downloads/tmp/raw_colorbar/raw_colorbar/reveal_workspace/tmpreveal/top_rvl.v (2020-04-23 09:45:12, 2020-04-23 09:47:05) <-- (may instantiate this module)
16       work.pmi_addsub.verilog may have changed because the following files changed:
                        /home/andy/Downloads/tmp/raw_colorbar/raw_colorbar/reveal_workspace/tmpreveal/top_la0_gen.v (2020-04-23 09:45:12, 2020-04-23 09:47:05) <-- (may instantiate this module)
                        /home/andy/Downloads/tmp/raw_colorbar/raw_colorbar/reveal_workspace/tmpreveal/top_la0_trig_gen.v (2020-04-23 09:45:12, 2020-04-23 09:47:05) <-- (may instantiate this module)
                        /home/andy/Downloads/tmp/raw_colorbar/raw_colorbar/reveal_workspace/tmpreveal/top_rvl.v (2020-04-23 09:45:12, 2020-04-23 09:47:05) <-- (may instantiate this module)
17       work.pmi_complex_mult.verilog may have changed because the following files changed:
                        /home/andy/Downloads/tmp/raw_colorbar/raw_colorbar/reveal_workspace/tmpreveal/top_la0_gen.v (2020-04-23 09:45:12, 2020-04-23 09:47:05) <-- (may instantiate this module)
                        /home/andy/Downloads/tmp/raw_colorbar/raw_colorbar/reveal_workspace/tmpreveal/top_la0_trig_gen.v (2020-04-23 09:45:12, 2020-04-23 09:47:05) <-- (may instantiate this module)
                        /home/andy/Downloads/tmp/raw_colorbar/raw_colorbar/reveal_workspace/tmpreveal/top_rvl.v (2020-04-23 09:45:12, 2020-04-23 09:47:05) <-- (may instantiate this module)
18       work.pmi_constant_mult.verilog may have changed because the following files changed:
                        /home/andy/Downloads/tmp/raw_colorbar/raw_colorbar/reveal_workspace/tmpreveal/top_la0_gen.v (2020-04-23 09:45:12, 2020-04-23 09:47:05) <-- (may instantiate this module)
                        /home/andy/Downloads/tmp/raw_colorbar/raw_colorbar/reveal_workspace/tmpreveal/top_la0_trig_gen.v (2020-04-23 09:45:12, 2020-04-23 09:47:05) <-- (may instantiate this module)
                        /home/andy/Downloads/tmp/raw_colorbar/raw_colorbar/reveal_workspace/tmpreveal/top_rvl.v (2020-04-23 09:45:12, 2020-04-23 09:47:05) <-- (may instantiate this module)
19       work.pmi_counter.verilog may have changed because the following files changed:
                        /home/andy/Downloads/tmp/raw_colorbar/raw_colorbar/reveal_workspace/tmpreveal/top_la0_gen.v (2020-04-23 09:45:12, 2020-04-23 09:47:05) <-- (may instantiate this module)
                        /home/andy/Downloads/tmp/raw_colorbar/raw_colorbar/reveal_workspace/tmpreveal/top_la0_trig_gen.v (2020-04-23 09:45:12, 2020-04-23 09:47:05) <-- (may instantiate this module)
                        /home/andy/Downloads/tmp/raw_colorbar/raw_colorbar/reveal_workspace/tmpreveal/top_rvl.v (2020-04-23 09:45:12, 2020-04-23 09:47:05) <-- (may instantiate this module)
20       work.pmi_distributed_dpram.verilog may have changed because the following files changed:
                        /home/andy/Downloads/tmp/raw_colorbar/raw_colorbar/reveal_workspace/tmpreveal/top_la0_gen.v (2020-04-23 09:45:12, 2020-04-23 09:47:05) <-- (may instantiate this module)
                        /home/andy/Downloads/tmp/raw_colorbar/raw_colorbar/reveal_workspace/tmpreveal/top_la0_trig_gen.v (2020-04-23 09:45:12, 2020-04-23 09:47:05) <-- (may instantiate this module)
                        /home/andy/Downloads/tmp/raw_colorbar/raw_colorbar/reveal_workspace/tmpreveal/top_rvl.v (2020-04-23 09:45:12, 2020-04-23 09:47:05) <-- (may instantiate this module)
21       work.pmi_distributed_rom.verilog may have changed because the following files changed:
                        /home/andy/Downloads/tmp/raw_colorbar/raw_colorbar/reveal_workspace/tmpreveal/top_la0_gen.v (2020-04-23 09:45:12, 2020-04-23 09:47:05) <-- (may instantiate this module)
                        /home/andy/Downloads/tmp/raw_colorbar/raw_colorbar/reveal_workspace/tmpreveal/top_la0_trig_gen.v (2020-04-23 09:45:12, 2020-04-23 09:47:05) <-- (may instantiate this module)
                        /home/andy/Downloads/tmp/raw_colorbar/raw_colorbar/reveal_workspace/tmpreveal/top_rvl.v (2020-04-23 09:45:12, 2020-04-23 09:47:05) <-- (may instantiate this module)
22       work.pmi_distributed_shift_reg.verilog may have changed because the following files changed:
                        /home/andy/Downloads/tmp/raw_colorbar/raw_colorbar/reveal_workspace/tmpreveal/top_la0_gen.v (2020-04-23 09:45:12, 2020-04-23 09:47:05) <-- (may instantiate this module)
                        /home/andy/Downloads/tmp/raw_colorbar/raw_colorbar/reveal_workspace/tmpreveal/top_la0_trig_gen.v (2020-04-23 09:45:12, 2020-04-23 09:47:05) <-- (may instantiate this module)
                        /home/andy/Downloads/tmp/raw_colorbar/raw_colorbar/reveal_workspace/tmpreveal/top_rvl.v (2020-04-23 09:45:12, 2020-04-23 09:47:05) <-- (may instantiate this module)
23       work.pmi_distributed_spram.verilog may have changed because the following files changed:
                        /home/andy/Downloads/tmp/raw_colorbar/raw_colorbar/reveal_workspace/tmpreveal/top_la0_gen.v (2020-04-23 09:45:12, 2020-04-23 09:47:05) <-- (may instantiate this module)
                        /home/andy/Downloads/tmp/raw_colorbar/raw_colorbar/reveal_workspace/tmpreveal/top_la0_trig_gen.v (2020-04-23 09:45:12, 2020-04-23 09:47:05) <-- (may instantiate this module)
                        /home/andy/Downloads/tmp/raw_colorbar/raw_colorbar/reveal_workspace/tmpreveal/top_rvl.v (2020-04-23 09:45:12, 2020-04-23 09:47:05) <-- (may instantiate this module)
24       work.pmi_dsp_casmultaddsub.verilog may have changed because the following files changed:
                        /home/andy/Downloads/tmp/raw_colorbar/raw_colorbar/reveal_workspace/tmpreveal/top_la0_gen.v (2020-04-23 09:45:12, 2020-04-23 09:47:05) <-- (may instantiate this module)
                        /home/andy/Downloads/tmp/raw_colorbar/raw_colorbar/reveal_workspace/tmpreveal/top_la0_trig_gen.v (2020-04-23 09:45:12, 2020-04-23 09:47:05) <-- (may instantiate this module)
                        /home/andy/Downloads/tmp/raw_colorbar/raw_colorbar/reveal_workspace/tmpreveal/top_rvl.v (2020-04-23 09:45:12, 2020-04-23 09:47:05) <-- (may instantiate this module)
25       work.pmi_dsp_mac.verilog may have changed because the following files changed:
                        /home/andy/Downloads/tmp/raw_colorbar/raw_colorbar/reveal_workspace/tmpreveal/top_la0_gen.v (2020-04-23 09:45:12, 2020-04-23 09:47:05) <-- (may instantiate this module)
                        /home/andy/Downloads/tmp/raw_colorbar/raw_colorbar/reveal_workspace/tmpreveal/top_la0_trig_gen.v (2020-04-23 09:45:12, 2020-04-23 09:47:05) <-- (may instantiate this module)
                        /home/andy/Downloads/tmp/raw_colorbar/raw_colorbar/reveal_workspace/tmpreveal/top_rvl.v (2020-04-23 09:45:12, 2020-04-23 09:47:05) <-- (may instantiate this module)
26       work.pmi_dsp_mult.verilog may have changed because the following files changed:
                        /home/andy/Downloads/tmp/raw_colorbar/raw_colorbar/reveal_workspace/tmpreveal/top_la0_gen.v (2020-04-23 09:45:12, 2020-04-23 09:47:05) <-- (may instantiate this module)
                        /home/andy/Downloads/tmp/raw_colorbar/raw_colorbar/reveal_workspace/tmpreveal/top_la0_trig_gen.v (2020-04-23 09:45:12, 2020-04-23 09:47:05) <-- (may instantiate this module)
                        /home/andy/Downloads/tmp/raw_colorbar/raw_colorbar/reveal_workspace/tmpreveal/top_rvl.v (2020-04-23 09:45:12, 2020-04-23 09:47:05) <-- (may instantiate this module)
27       work.pmi_dsp_multaddsub.verilog may have changed because the following files changed:
                        /home/andy/Downloads/tmp/raw_colorbar/raw_colorbar/reveal_workspace/tmpreveal/top_la0_gen.v (2020-04-23 09:45:12, 2020-04-23 09:47:05) <-- (may instantiate this module)
                        /home/andy/Downloads/tmp/raw_colorbar/raw_colorbar/reveal_workspace/tmpreveal/top_la0_trig_gen.v (2020-04-23 09:45:12, 2020-04-23 09:47:05) <-- (may instantiate this module)
                        /home/andy/Downloads/tmp/raw_colorbar/raw_colorbar/reveal_workspace/tmpreveal/top_rvl.v (2020-04-23 09:45:12, 2020-04-23 09:47:05) <-- (may instantiate this module)
28       work.pmi_dsp_multaddsubsum.verilog may have changed because the following files changed:
                        /home/andy/Downloads/tmp/raw_colorbar/raw_colorbar/reveal_workspace/tmpreveal/top_la0_gen.v (2020-04-23 09:45:12, 2020-04-23 09:47:05) <-- (may instantiate this module)
                        /home/andy/Downloads/tmp/raw_colorbar/raw_colorbar/reveal_workspace/tmpreveal/top_la0_trig_gen.v (2020-04-23 09:45:12, 2020-04-23 09:47:05) <-- (may instantiate this module)
                        /home/andy/Downloads/tmp/raw_colorbar/raw_colorbar/reveal_workspace/tmpreveal/top_rvl.v (2020-04-23 09:45:12, 2020-04-23 09:47:05) <-- (may instantiate this module)
29       work.pmi_dsp_preadd_slice.verilog may have changed because the following files changed:
                        /home/andy/Downloads/tmp/raw_colorbar/raw_colorbar/reveal_workspace/tmpreveal/top_la0_gen.v (2020-04-23 09:45:12, 2020-04-23 09:47:05) <-- (may instantiate this module)
                        /home/andy/Downloads/tmp/raw_colorbar/raw_colorbar/reveal_workspace/tmpreveal/top_la0_trig_gen.v (2020-04-23 09:45:12, 2020-04-23 09:47:05) <-- (may instantiate this module)
                        /home/andy/Downloads/tmp/raw_colorbar/raw_colorbar/reveal_workspace/tmpreveal/top_rvl.v (2020-04-23 09:45:12, 2020-04-23 09:47:05) <-- (may instantiate this module)
30       work.pmi_fifo.verilog may have changed because the following files changed:
                        /home/andy/Downloads/tmp/raw_colorbar/raw_colorbar/reveal_workspace/tmpreveal/top_la0_gen.v (2020-04-23 09:45:12, 2020-04-23 09:47:05) <-- (may instantiate this module)
                        /home/andy/Downloads/tmp/raw_colorbar/raw_colorbar/reveal_workspace/tmpreveal/top_la0_trig_gen.v (2020-04-23 09:45:12, 2020-04-23 09:47:05) <-- (may instantiate this module)
                        /home/andy/Downloads/tmp/raw_colorbar/raw_colorbar/reveal_workspace/tmpreveal/top_rvl.v (2020-04-23 09:45:12, 2020-04-23 09:47:05) <-- (may instantiate this module)
31       work.pmi_fifo_dc.verilog may have changed because the following files changed:
                        /home/andy/Downloads/tmp/raw_colorbar/raw_colorbar/reveal_workspace/tmpreveal/top_la0_gen.v (2020-04-23 09:45:12, 2020-04-23 09:47:05) <-- (may instantiate this module)
                        /home/andy/Downloads/tmp/raw_colorbar/raw_colorbar/reveal_workspace/tmpreveal/top_la0_trig_gen.v (2020-04-23 09:45:12, 2020-04-23 09:47:05) <-- (may instantiate this module)
                        /home/andy/Downloads/tmp/raw_colorbar/raw_colorbar/reveal_workspace/tmpreveal/top_rvl.v (2020-04-23 09:45:12, 2020-04-23 09:47:05) <-- (may instantiate this module)
32       work.pmi_mac.verilog may have changed because the following files changed:
                        /home/andy/Downloads/tmp/raw_colorbar/raw_colorbar/reveal_workspace/tmpreveal/top_la0_gen.v (2020-04-23 09:45:12, 2020-04-23 09:47:05) <-- (may instantiate this module)
                        /home/andy/Downloads/tmp/raw_colorbar/raw_colorbar/reveal_workspace/tmpreveal/top_la0_trig_gen.v (2020-04-23 09:45:12, 2020-04-23 09:47:05) <-- (may instantiate this module)
                        /home/andy/Downloads/tmp/raw_colorbar/raw_colorbar/reveal_workspace/tmpreveal/top_rvl.v (2020-04-23 09:45:12, 2020-04-23 09:47:05) <-- (may instantiate this module)
33       work.pmi_mult.verilog may have changed because the following files changed:
                        /home/andy/Downloads/tmp/raw_colorbar/raw_colorbar/reveal_workspace/tmpreveal/top_la0_gen.v (2020-04-23 09:45:12, 2020-04-23 09:47:05) <-- (may instantiate this module)
                        /home/andy/Downloads/tmp/raw_colorbar/raw_colorbar/reveal_workspace/tmpreveal/top_la0_trig_gen.v (2020-04-23 09:45:12, 2020-04-23 09:47:05) <-- (may instantiate this module)
                        /home/andy/Downloads/tmp/raw_colorbar/raw_colorbar/reveal_workspace/tmpreveal/top_rvl.v (2020-04-23 09:45:12, 2020-04-23 09:47:05) <-- (may instantiate this module)
34       work.pmi_multaddsub.verilog may have changed because the following files changed:
                        /home/andy/Downloads/tmp/raw_colorbar/raw_colorbar/reveal_workspace/tmpreveal/top_la0_gen.v (2020-04-23 09:45:12, 2020-04-23 09:47:05) <-- (may instantiate this module)
                        /home/andy/Downloads/tmp/raw_colorbar/raw_colorbar/reveal_workspace/tmpreveal/top_la0_trig_gen.v (2020-04-23 09:45:12, 2020-04-23 09:47:05) <-- (may instantiate this module)
                        /home/andy/Downloads/tmp/raw_colorbar/raw_colorbar/reveal_workspace/tmpreveal/top_rvl.v (2020-04-23 09:45:12, 2020-04-23 09:47:05) <-- (may instantiate this module)
35       work.pmi_multaddsubsum.verilog may have changed because the following files changed:
                        /home/andy/Downloads/tmp/raw_colorbar/raw_colorbar/reveal_workspace/tmpreveal/top_la0_gen.v (2020-04-23 09:45:12, 2020-04-23 09:47:05) <-- (may instantiate this module)
                        /home/andy/Downloads/tmp/raw_colorbar/raw_colorbar/reveal_workspace/tmpreveal/top_la0_trig_gen.v (2020-04-23 09:45:12, 2020-04-23 09:47:05) <-- (may instantiate this module)
                        /home/andy/Downloads/tmp/raw_colorbar/raw_colorbar/reveal_workspace/tmpreveal/top_rvl.v (2020-04-23 09:45:12, 2020-04-23 09:47:05) <-- (may instantiate this module)
36       work.pmi_pll.verilog may have changed because the following files changed:
                        /home/andy/Downloads/tmp/raw_colorbar/raw_colorbar/reveal_workspace/tmpreveal/top_la0_gen.v (2020-04-23 09:45:12, 2020-04-23 09:47:05) <-- (may instantiate this module)
                        /home/andy/Downloads/tmp/raw_colorbar/raw_colorbar/reveal_workspace/tmpreveal/top_la0_trig_gen.v (2020-04-23 09:45:12, 2020-04-23 09:47:05) <-- (may instantiate this module)
                        /home/andy/Downloads/tmp/raw_colorbar/raw_colorbar/reveal_workspace/tmpreveal/top_rvl.v (2020-04-23 09:45:12, 2020-04-23 09:47:05) <-- (may instantiate this module)
37       work.pmi_pll_fp.verilog may have changed because the following files changed:
                        /home/andy/Downloads/tmp/raw_colorbar/raw_colorbar/reveal_workspace/tmpreveal/top_la0_gen.v (2020-04-23 09:45:12, 2020-04-23 09:47:05) <-- (may instantiate this module)
                        /home/andy/Downloads/tmp/raw_colorbar/raw_colorbar/reveal_workspace/tmpreveal/top_la0_trig_gen.v (2020-04-23 09:45:12, 2020-04-23 09:47:05) <-- (may instantiate this module)
                        /home/andy/Downloads/tmp/raw_colorbar/raw_colorbar/reveal_workspace/tmpreveal/top_rvl.v (2020-04-23 09:45:12, 2020-04-23 09:47:05) <-- (may instantiate this module)
38       work.pmi_ram_dp.verilog may have changed because the following files changed:
                        /home/andy/Downloads/tmp/raw_colorbar/raw_colorbar/reveal_workspace/tmpreveal/top_la0_gen.v (2020-04-23 09:45:12, 2020-04-23 09:47:05) <-- (may instantiate this module)
                        /home/andy/Downloads/tmp/raw_colorbar/raw_colorbar/reveal_workspace/tmpreveal/top_la0_trig_gen.v (2020-04-23 09:45:12, 2020-04-23 09:47:05) <-- (may instantiate this module)
                        /home/andy/Downloads/tmp/raw_colorbar/raw_colorbar/reveal_workspace/tmpreveal/top_rvl.v (2020-04-23 09:45:12, 2020-04-23 09:47:05) <-- (may instantiate this module)
39       work.pmi_ram_dp_be.verilog may have changed because the following files changed:
                        /home/andy/Downloads/tmp/raw_colorbar/raw_colorbar/reveal_workspace/tmpreveal/top_la0_gen.v (2020-04-23 09:45:12, 2020-04-23 09:47:05) <-- (may instantiate this module)
                        /home/andy/Downloads/tmp/raw_colorbar/raw_colorbar/reveal_workspace/tmpreveal/top_la0_trig_gen.v (2020-04-23 09:45:12, 2020-04-23 09:47:05) <-- (may instantiate this module)
                        /home/andy/Downloads/tmp/raw_colorbar/raw_colorbar/reveal_workspace/tmpreveal/top_rvl.v (2020-04-23 09:45:12, 2020-04-23 09:47:05) <-- (may instantiate this module)
40       work.pmi_ram_dp_true.verilog may have changed because the following files changed:
                        /home/andy/Downloads/tmp/raw_colorbar/raw_colorbar/reveal_workspace/tmpreveal/top_la0_gen.v (2020-04-23 09:45:12, 2020-04-23 09:47:05) <-- (may instantiate this module)
                        /home/andy/Downloads/tmp/raw_colorbar/raw_colorbar/reveal_workspace/tmpreveal/top_la0_trig_gen.v (2020-04-23 09:45:12, 2020-04-23 09:47:05) <-- (may instantiate this module)
                        /home/andy/Downloads/tmp/raw_colorbar/raw_colorbar/reveal_workspace/tmpreveal/top_rvl.v (2020-04-23 09:45:12, 2020-04-23 09:47:05) <-- (may instantiate this module)
41       work.pmi_ram_dp_true_be.verilog may have changed because the following files changed:
                        /home/andy/Downloads/tmp/raw_colorbar/raw_colorbar/reveal_workspace/tmpreveal/top_la0_gen.v (2020-04-23 09:45:12, 2020-04-23 09:47:05) <-- (may instantiate this module)
                        /home/andy/Downloads/tmp/raw_colorbar/raw_colorbar/reveal_workspace/tmpreveal/top_la0_trig_gen.v (2020-04-23 09:45:12, 2020-04-23 09:47:05) <-- (may instantiate this module)
                        /home/andy/Downloads/tmp/raw_colorbar/raw_colorbar/reveal_workspace/tmpreveal/top_rvl.v (2020-04-23 09:45:12, 2020-04-23 09:47:05) <-- (may instantiate this module)
42       work.pmi_ram_dq.verilog may have changed because the following files changed:
                        /home/andy/Downloads/tmp/raw_colorbar/raw_colorbar/reveal_workspace/tmpreveal/top_la0_gen.v (2020-04-23 09:45:12, 2020-04-23 09:47:05) <-- (may instantiate this module)
                        /home/andy/Downloads/tmp/raw_colorbar/raw_colorbar/reveal_workspace/tmpreveal/top_la0_trig_gen.v (2020-04-23 09:45:12, 2020-04-23 09:47:05) <-- (may instantiate this module)
                        /home/andy/Downloads/tmp/raw_colorbar/raw_colorbar/reveal_workspace/tmpreveal/top_rvl.v (2020-04-23 09:45:12, 2020-04-23 09:47:05) <-- (may instantiate this module)
43       work.pmi_ram_dq_be.verilog may have changed because the following files changed:
                        /home/andy/Downloads/tmp/raw_colorbar/raw_colorbar/reveal_workspace/tmpreveal/top_la0_gen.v (2020-04-23 09:45:12, 2020-04-23 09:47:05) <-- (may instantiate this module)
                        /home/andy/Downloads/tmp/raw_colorbar/raw_colorbar/reveal_workspace/tmpreveal/top_la0_trig_gen.v (2020-04-23 09:45:12, 2020-04-23 09:47:05) <-- (may instantiate this module)
                        /home/andy/Downloads/tmp/raw_colorbar/raw_colorbar/reveal_workspace/tmpreveal/top_rvl.v (2020-04-23 09:45:12, 2020-04-23 09:47:05) <-- (may instantiate this module)
44       work.pmi_rom.verilog may have changed because the following files changed:
                        /home/andy/Downloads/tmp/raw_colorbar/raw_colorbar/reveal_workspace/tmpreveal/top_la0_gen.v (2020-04-23 09:45:12, 2020-04-23 09:47:05) <-- (may instantiate this module)
                        /home/andy/Downloads/tmp/raw_colorbar/raw_colorbar/reveal_workspace/tmpreveal/top_la0_trig_gen.v (2020-04-23 09:45:12, 2020-04-23 09:47:05) <-- (may instantiate this module)
                        /home/andy/Downloads/tmp/raw_colorbar/raw_colorbar/reveal_workspace/tmpreveal/top_rvl.v (2020-04-23 09:45:12, 2020-04-23 09:47:05) <-- (may instantiate this module)
45       work.pmi_sub.verilog may have changed because the following files changed:
                        /home/andy/Downloads/tmp/raw_colorbar/raw_colorbar/reveal_workspace/tmpreveal/top_la0_gen.v (2020-04-23 09:45:12, 2020-04-23 09:47:05) <-- (may instantiate this module)
                        /home/andy/Downloads/tmp/raw_colorbar/raw_colorbar/reveal_workspace/tmpreveal/top_la0_trig_gen.v (2020-04-23 09:45:12, 2020-04-23 09:47:05) <-- (may instantiate this module)
                        /home/andy/Downloads/tmp/raw_colorbar/raw_colorbar/reveal_workspace/tmpreveal/top_rvl.v (2020-04-23 09:45:12, 2020-04-23 09:47:05) <-- (may instantiate this module)
3        work.raw_colorbar_gen.verilog may have changed because the following files changed:
                        /home/andy/Downloads/tmp/raw_colorbar/raw_colorbar/reveal_workspace/tmpreveal/top_rvl.v (2020-04-23 09:45:12, 2020-04-23 09:47:05) <-- (module definition)
46       work.raw_colorbar_gen_uniq_1.verilog may have changed because the following files changed:
                        /home/andy/Downloads/tmp/raw_colorbar/raw_colorbar/reveal_workspace/tmpreveal/top_rvl.v (2020-04-23 09:45:12, 2020-04-23 09:47:05) <-- (module definition)
47       work.reveal_coretop.verilog may have changed because the following files changed:
                        /home/andy/Downloads/tmp/raw_colorbar/raw_colorbar/reveal_workspace/tmpreveal/top_rvl.v (2020-04-23 09:45:12, 2020-04-23 09:47:05) <-- (module definition)
48       work.rvl_decode.verilog may have changed because the following files changed:
                        /home/andy/Downloads/tmp/raw_colorbar/raw_colorbar/reveal_workspace/tmpreveal/top_la0_gen.v (2020-04-23 09:45:12, 2020-04-23 09:47:05) <-- (may instantiate this module)
                        /home/andy/Downloads/tmp/raw_colorbar/raw_colorbar/reveal_workspace/tmpreveal/top_la0_trig_gen.v (2020-04-23 09:45:12, 2020-04-23 09:47:05) <-- (may instantiate this module)
                        /home/andy/Downloads/tmp/raw_colorbar/raw_colorbar/reveal_workspace/tmpreveal/top_rvl.v (2020-04-23 09:45:12, 2020-04-23 09:47:05) <-- (may instantiate this module)
51       work.rvl_jtag_int.verilog may have changed because the following files changed:
                        /home/andy/Downloads/tmp/raw_colorbar/raw_colorbar/reveal_workspace/tmpreveal/top_la0_gen.v (2020-04-23 09:45:12, 2020-04-23 09:47:05) <-- (may instantiate this module)
                        /home/andy/Downloads/tmp/raw_colorbar/raw_colorbar/reveal_workspace/tmpreveal/top_la0_trig_gen.v (2020-04-23 09:45:12, 2020-04-23 09:47:05) <-- (may instantiate this module)
                        /home/andy/Downloads/tmp/raw_colorbar/raw_colorbar/reveal_workspace/tmpreveal/top_rvl.v (2020-04-23 09:45:12, 2020-04-23 09:47:05) <-- (may instantiate this module)
52       work.rvl_serial_tu.verilog may have changed because the following files changed:
                        /home/andy/Downloads/tmp/raw_colorbar/raw_colorbar/reveal_workspace/tmpreveal/top_la0_gen.v (2020-04-23 09:45:12, 2020-04-23 09:47:05) <-- (may instantiate this module)
                        /home/andy/Downloads/tmp/raw_colorbar/raw_colorbar/reveal_workspace/tmpreveal/top_la0_trig_gen.v (2020-04-23 09:45:12, 2020-04-23 09:47:05) <-- (may instantiate this module)
                        /home/andy/Downloads/tmp/raw_colorbar/raw_colorbar/reveal_workspace/tmpreveal/top_rvl.v (2020-04-23 09:45:12, 2020-04-23 09:47:05) <-- (may instantiate this module)
53       work.rvl_tcnt.verilog may have changed because the following files changed:
                        /home/andy/Downloads/tmp/raw_colorbar/raw_colorbar/reveal_workspace/tmpreveal/top_la0_gen.v (2020-04-23 09:45:12, 2020-04-23 09:47:05) <-- (may instantiate this module)
                        /home/andy/Downloads/tmp/raw_colorbar/raw_colorbar/reveal_workspace/tmpreveal/top_la0_trig_gen.v (2020-04-23 09:45:12, 2020-04-23 09:47:05) <-- (may instantiate this module)
                        /home/andy/Downloads/tmp/raw_colorbar/raw_colorbar/reveal_workspace/tmpreveal/top_rvl.v (2020-04-23 09:45:12, 2020-04-23 09:47:05) <-- (may instantiate this module)
54       work.rvl_te.verilog may have changed because the following files changed:
                        /home/andy/Downloads/tmp/raw_colorbar/raw_colorbar/reveal_workspace/tmpreveal/top_la0_gen.v (2020-04-23 09:45:12, 2020-04-23 09:47:05) <-- (may instantiate this module)
                        /home/andy/Downloads/tmp/raw_colorbar/raw_colorbar/reveal_workspace/tmpreveal/top_la0_trig_gen.v (2020-04-23 09:45:12, 2020-04-23 09:47:05) <-- (may instantiate this module)
                        /home/andy/Downloads/tmp/raw_colorbar/raw_colorbar/reveal_workspace/tmpreveal/top_rvl.v (2020-04-23 09:45:12, 2020-04-23 09:47:05) <-- (may instantiate this module)
55       work.rvl_tm.verilog may have changed because the following files changed:
                        /home/andy/Downloads/tmp/raw_colorbar/raw_colorbar/reveal_workspace/tmpreveal/top_la0_gen.v (2020-04-23 09:45:12, 2020-04-23 09:47:05) <-- (may instantiate this module)
                        /home/andy/Downloads/tmp/raw_colorbar/raw_colorbar/reveal_workspace/tmpreveal/top_la0_trig_gen.v (2020-04-23 09:45:12, 2020-04-23 09:47:05) <-- (may instantiate this module)
                        /home/andy/Downloads/tmp/raw_colorbar/raw_colorbar/reveal_workspace/tmpreveal/top_rvl.v (2020-04-23 09:45:12, 2020-04-23 09:47:05) <-- (may instantiate this module)
56       work.rvl_tu.verilog may have changed because the following files changed:
                        /home/andy/Downloads/tmp/raw_colorbar/raw_colorbar/reveal_workspace/tmpreveal/top_la0_gen.v (2020-04-23 09:45:12, 2020-04-23 09:47:05) <-- (may instantiate this module)
                        /home/andy/Downloads/tmp/raw_colorbar/raw_colorbar/reveal_workspace/tmpreveal/top_la0_trig_gen.v (2020-04-23 09:45:12, 2020-04-23 09:47:05) <-- (may instantiate this module)
                        /home/andy/Downloads/tmp/raw_colorbar/raw_colorbar/reveal_workspace/tmpreveal/top_rvl.v (2020-04-23 09:45:12, 2020-04-23 09:47:05) <-- (may instantiate this module)
2        work.top.verilog may have changed because the following files changed:
                        /home/andy/Downloads/tmp/raw_colorbar/raw_colorbar/reveal_workspace/tmpreveal/top_rvl.v (2020-04-23 09:45:12, 2020-04-23 09:47:05) <-- (module definition)
57       work.top_la0.verilog may have changed because the following files changed:
                        /home/andy/Downloads/tmp/raw_colorbar/raw_colorbar/reveal_workspace/tmpreveal/top_la0_gen.v (2020-04-23 09:45:12, 2020-04-23 09:47:05) <-- (module definition)
                        /home/andy/Downloads/tmp/raw_colorbar/raw_colorbar/reveal_workspace/tmpreveal/top_rvl.v (2020-04-23 09:45:12, 2020-04-23 09:47:05) <-- (may instantiate this module)
58       work.top_la0_trig.verilog may have changed because the following files changed:
                        /home/andy/Downloads/tmp/raw_colorbar/raw_colorbar/reveal_workspace/tmpreveal/top_la0_gen.v (2020-04-23 09:45:12, 2020-04-23 09:47:05) <-- (may instantiate this module)
                        /home/andy/Downloads/tmp/raw_colorbar/raw_colorbar/reveal_workspace/tmpreveal/top_la0_trig_gen.v (2020-04-23 09:45:12, 2020-04-23 09:47:05) <-- (module definition)
                        /home/andy/Downloads/tmp/raw_colorbar/raw_colorbar/reveal_workspace/tmpreveal/top_rvl.v (2020-04-23 09:45:12, 2020-04-23 09:47:05) <-- (may instantiate this module)

*******************************************************************
Unmodified files: 11
FID:  path (timestamp)
12       /opt/lscc/diamond/3.11_x64/cae_library/synthesis/verilog/pmi_def.v (2019-05-14 17:27:52)
13       /opt/lscc/diamond/3.11_x64/module/reveal/src/ertl/JTAG_SOFT.v (2016-03-31 05:24:59)
14       /opt/lscc/diamond/3.11_x64/module/reveal/src/ertl/ertl.v (2017-04-27 03:34:31)
15       /opt/lscc/diamond/3.11_x64/module/reveal/src/rvl_j2w_module/rvl_j2w_module.v (2013-11-26 08:02:33)
16       /opt/lscc/diamond/3.11_x64/module/reveal/src/rvl_j2w_module/wb2sci.v (2013-11-12 08:19:06)
3        /opt/lscc/diamond/3.11_x64/synpbase/lib/lucent/machxo3lf.v (2019-04-02 00:16:26)
4        /opt/lscc/diamond/3.11_x64/synpbase/lib/lucent/pmi_def.v (2019-04-02 00:16:26)
5        /opt/lscc/diamond/3.11_x64/synpbase/lib/vlog/hypermods.v (2019-04-02 00:18:47)
6        /opt/lscc/diamond/3.11_x64/synpbase/lib/vlog/scemi_objects.v (2019-04-02 00:18:47)
7        /opt/lscc/diamond/3.11_x64/synpbase/lib/vlog/scemi_pipes.svh (2019-04-02 00:18:47)
8        /opt/lscc/diamond/3.11_x64/synpbase/lib/vlog/umr_capim.v (2018-07-12 20:25:32)

*******************************************************************
Unchanged modules: 13
MID:  lib.cell.view
4        work.JTAG_SOFT.verilog
5        work.idata.verilog
6        work.jtag_cntl_soft.verilog
7        work.jtag_inst_dec_soft.verilog
8        work.jtag_logic_soft.verilog
9        work.jtag_register_soft.verilog
10       work.jtag_tap_cntl_soft.verilog
12       work.jtaghub16.verilog
13       work.jtaghub_if.verilog
49       work.rvl_j2w.verilog
50       work.rvl_jtag2wb.verilog
59       work.wb2sci.verilog
60       work.wb_control.verilog
