Running in Lattice mode

Starting:    /opt/lscc/diamond/3.11_x64/synpbase/linux_a_64/mbin/synbatch
Install:     /opt/lscc/diamond/3.11_x64/synpbase
Hostname:    debian-dell
Date:        Fri Apr 24 15:34:16 2020
Version:     N-2018.03L-SP1-1

Arguments:   -product synplify_pro -batch /home/andy/Downloads/tmp/raw_colorbar_gen/clarity/PLL/pll_sensor_clk/syn_results/pll_sensor_clk.prj
ProductType: synplify_pro




Copied /home/andy/Downloads/tmp/raw_colorbar_gen/clarity/PLL/pll_sensor_clk/syn_results/pll_sensor_clk.srr to /home/andy/Downloads/tmp/raw_colorbar_gen/clarity/PLL/pll_sensor_clk/syn_results/backup/pll_sensor_clk.srr
log file: "/home/andy/Downloads/tmp/raw_colorbar_gen/clarity/PLL/pll_sensor_clk/syn_results/pll_sensor_clk.srr"
Running: syn_results in foreground

Running pll_sensor_clk|syn_results

Running Flow: compile (Compile) on pll_sensor_clk|syn_results
# Fri Apr 24 15:34:16 2020

Running Flow: compile_flow (Compile Process) on pll_sensor_clk|syn_results
# Fri Apr 24 15:34:16 2020

Running: compiler (Compile Input) on pll_sensor_clk|syn_results
# Fri Apr 24 15:34:16 2020
Copied /home/andy/Downloads/tmp/raw_colorbar_gen/clarity/PLL/pll_sensor_clk/syn_results/synwork/pll_sensor_clk_comp.srs to /home/andy/Downloads/tmp/raw_colorbar_gen/clarity/PLL/pll_sensor_clk/syn_results/pll_sensor_clk.srs

compiler completed
# Fri Apr 24 15:34:18 2020

Return Code: 0
Run Time:00h:00m:02s

Running: multi_srs_gen (Multi-srs Generator) on pll_sensor_clk|syn_results
# Fri Apr 24 15:34:18 2020

multi_srs_gen completed
# Fri Apr 24 15:34:18 2020

Return Code: 0
Run Time:00h:00m:00s
Copied /home/andy/Downloads/tmp/raw_colorbar_gen/clarity/PLL/pll_sensor_clk/syn_results/synwork/pll_sensor_clk_mult.srs to /home/andy/Downloads/tmp/raw_colorbar_gen/clarity/PLL/pll_sensor_clk/syn_results/pll_sensor_clk.srs
Copied /home/andy/Downloads/tmp/raw_colorbar_gen/clarity/PLL/pll_sensor_clk/syn_results/pll_sensor_clk.srr to /home/andy/Downloads/tmp/raw_colorbar_gen/clarity/PLL/pll_sensor_clk/syn_results/pll_sensor_clk.srf
Complete: Compile Process on pll_sensor_clk|syn_results

Running: premap (Premap) on pll_sensor_clk|syn_results
# Fri Apr 24 15:34:18 2020

premap completed
# Fri Apr 24 15:34:18 2020

Return Code: 0
Run Time:00h:00m:00s
Complete: Compile on pll_sensor_clk|syn_results

Running Flow: map (Map) on pll_sensor_clk|syn_results
# Fri Apr 24 15:34:18 2020
License granted for 4 parallel jobs

Running: fpga_mapper (Map & Optimize) on pll_sensor_clk|syn_results
# Fri Apr 24 15:34:18 2020
Copied /home/andy/Downloads/tmp/raw_colorbar_gen/clarity/PLL/pll_sensor_clk/syn_results/synwork/pll_sensor_clk_m.srm to /home/andy/Downloads/tmp/raw_colorbar_gen/clarity/PLL/pll_sensor_clk/syn_results/pll_sensor_clk.srm

fpga_mapper completed with warnings
# Fri Apr 24 15:34:19 2020

Return Code: 1
Run Time:00h:00m:01s
Complete: Map on pll_sensor_clk|syn_results
Copied /home/andy/Downloads/tmp/raw_colorbar_gen/clarity/PLL/pll_sensor_clk/syn_results/pll_sensor_clk.srr to /home/andy/Downloads/tmp/raw_colorbar_gen/clarity/PLL/pll_sensor_clk/syn_results/pll_sensor_clk.srf
Complete: Logic Synthesis on pll_sensor_clk|syn_results
exit status=0
exit status=0
