
Copyright (C) 1994-2018 Synopsys, Inc.
This Synopsys software and all associated documentation are proprietary to Synopsys, Inc.
and may only be used pursuant to the terms and conditions of a written license agreement
with Synopsys, Inc. All other use, reproduction, modification, or distribution of the
Synopsys software or the associated documentation is strictly prohibited.
Tool: Synplify Pro (R)
Build: N-2018.03L-SP1-1
Install: /opt/lscc/diamond/3.11_x64/synpbase
OS: Debian GNU/Linux 8 (jessie)
Hostname: debian-dell

Implementation : raw_colorbar

# Written on Fri Apr 24 15:44:09 2020

##### DESIGN INFO #######################################################

Top View:                "top"
Constraint File(s):      (none)




##### SUMMARY ############################################################

Found 0 issues in 0 out of 0 constraints


##### DETAILS ############################################################



Clock Relationships
*******************

Starting                                Ending                                  |     rise to rise     |     fall to fall     |     rise to fall     |     fall to rise                     
-------------------------------------------------------------------------------------------------------------------------------------------------------------------------------------------
pll_sensor_clk|CLKOP_inferred_clock     pll_sensor_clk|CLKOP_inferred_clock     |     10.000           |     No paths         |     No paths         |     No paths                         
===========================================================================================================================================================================================
 Note: 'No paths' indicates there are no paths in the design for that pair of clock edges.
       'Diff grp' indicates that paths exist but the starting clock and ending clock are in different clock groups.


Unconstrained Start/End Points
******************************

p:clk_in
p:fv
p:lv
p:pixclk
p:pixdata[0]
p:pixdata[1]
p:pixdata[2]
p:pixdata[3]
p:pixdata[4]
p:pixdata[5]
p:pixdata[6]
p:pixdata[7]
p:pixdata[8]
p:pixdata[9]
p:test


Inapplicable constraints
************************

(none)


Applicable constraints with issues
**********************************

(none)


Constraints with matching wildcard expressions
**********************************************

(none)


Library Report
**************


# End of Constraint Checker Report
