Running in Lattice mode

Starting:    /opt/lscc/diamond/3.11_x64/synpbase/linux_a_64/mbin/synbatch
Install:     /opt/lscc/diamond/3.11_x64/synpbase
Hostname:    debian-dell
Date:        Fri Apr 24 15:44:07 2020
Version:     N-2018.03L-SP1-1

Arguments:   -product synplify_pro -batch raw_colorbar_raw_colorbar_synplify.tcl
ProductType: synplify_pro




log file: "/home/andy/Downloads/tmp/raw_colorbar_gen/raw_colorbar/raw_colorbar_raw_colorbar.srr"
Running: raw_colorbar in foreground

Running proj_1|raw_colorbar

Running Flow: compile (Compile) on proj_1|raw_colorbar
# Fri Apr 24 15:44:07 2020

Running Flow: compile_flow (Compile Process) on proj_1|raw_colorbar
# Fri Apr 24 15:44:07 2020

Running: compiler (Compile Input) on proj_1|raw_colorbar
# Fri Apr 24 15:44:07 2020
Copied /home/andy/Downloads/tmp/raw_colorbar_gen/raw_colorbar/synwork/raw_colorbar_raw_colorbar_comp.srs to /home/andy/Downloads/tmp/raw_colorbar_gen/raw_colorbar/raw_colorbar_raw_colorbar.srs

compiler completed
# Fri Apr 24 15:44:08 2020

Return Code: 0
Run Time:00h:00m:01s

Running: multi_srs_gen (Multi-srs Generator) on proj_1|raw_colorbar
# Fri Apr 24 15:44:08 2020

multi_srs_gen completed
# Fri Apr 24 15:44:08 2020

Return Code: 0
Run Time:00h:00m:00s
Copied /home/andy/Downloads/tmp/raw_colorbar_gen/raw_colorbar/synwork/raw_colorbar_raw_colorbar_mult.srs to /home/andy/Downloads/tmp/raw_colorbar_gen/raw_colorbar/raw_colorbar_raw_colorbar.srs
Copied /home/andy/Downloads/tmp/raw_colorbar_gen/raw_colorbar/raw_colorbar_raw_colorbar.srr to /home/andy/Downloads/tmp/raw_colorbar_gen/raw_colorbar/raw_colorbar_raw_colorbar.srf
Complete: Compile Process on proj_1|raw_colorbar

Running: premap (Premap) on proj_1|raw_colorbar
# Fri Apr 24 15:44:08 2020

premap completed with warnings
# Fri Apr 24 15:44:09 2020

Return Code: 1
Run Time:00h:00m:01s
Complete: Compile on proj_1|raw_colorbar

Running Flow: map (Map) on proj_1|raw_colorbar
# Fri Apr 24 15:44:09 2020
License granted for 4 parallel jobs

Running: fpga_mapper (Map & Optimize) on proj_1|raw_colorbar
# Fri Apr 24 15:44:09 2020
Copied /home/andy/Downloads/tmp/raw_colorbar_gen/raw_colorbar/synwork/raw_colorbar_raw_colorbar_m.srm to /home/andy/Downloads/tmp/raw_colorbar_gen/raw_colorbar/raw_colorbar_raw_colorbar.srm

fpga_mapper completed with warnings
# Fri Apr 24 15:44:12 2020

Return Code: 1
Run Time:00h:00m:03s
Complete: Map on proj_1|raw_colorbar
Copied /home/andy/Downloads/tmp/raw_colorbar_gen/raw_colorbar/raw_colorbar_raw_colorbar.srr to /home/andy/Downloads/tmp/raw_colorbar_gen/raw_colorbar/raw_colorbar_raw_colorbar.srf
Complete: Logic Synthesis on proj_1|raw_colorbar
TCL script complete: "raw_colorbar_raw_colorbar_synplify.tcl"
exit status=0
exit status=0
Save changes for project:
/home/andy/Downloads/tmp/raw_colorbar_gen/raw_colorbar/proj_1.prj
batch mode default:no
